<?xml version="1.0" encoding="UTF-8"?>
<testng-results ignored="0" total="2" passed="2" failed="0" skipped="0">
  <reporter-output>
  </reporter-output>
  <suite started-at="2023-07-19T14:38:46 GMT" name="testSuite2" finished-at="2023-07-19T14:38:53 GMT" duration-ms="7069">
    <groups>
    </groups>
    <test started-at="2023-07-19T14:38:46 GMT" name="createusertest" finished-at="2023-07-19T14:38:52 GMT" duration-ms="6355">
      <class name="chaining.CreateUser">
        <test-method signature="createUser(org.testng.ITestContext)[pri:0, instance:chaining.CreateUser@37654521]" started-at="2023-07-19T14:38:46 GMT" name="createUser" finished-at="2023-07-19T14:38:52 GMT" duration-ms="6252" status="PASS">
          <params>
            <param index="0">
              <value>
                <![CDATA[org.testng.TestRunner@2d901eb0]]>
              </value>
            </param>
          </params>
          <reporter-output>
          </reporter-output>
        </test-method> <!-- createUser -->
      </class> <!-- chaining.CreateUser -->
    </test> <!-- createusertest -->
    <test started-at="2023-07-19T14:38:53 GMT" name="getusertest" finished-at="2023-07-19T14:38:53 GMT" duration-ms="527">
      <class name="chaining.getUser">
        <test-method signature="getuser(org.testng.ITestContext)[pri:0, instance:chaining.getUser@52af26ee]" started-at="2023-07-19T14:38:53 GMT" name="getuser" finished-at="2023-07-19T14:38:53 GMT" duration-ms="523" status="PASS">
          <params>
            <param index="0">
              <value>
                <![CDATA[org.testng.TestRunner@7e20f4e3]]>
              </value>
            </param>
          </params>
          <reporter-output>
          </reporter-output>
        </test-method> <!-- getuser -->
      </class> <!-- chaining.getUser -->
    </test> <!-- getusertest -->
  </suite> <!-- testSuite2 -->
</testng-results>
